<?xml version="1.0" encoding="UTF-8"?>
<!-- Generated by org.testng.reporters.JUnitReportReporter -->
<testsuite skipped="0" hostname="ShivChindambar" name="NKpackage.NewTest" tests="1" failures="0" timestamp="20 Jan 2019 04:12:44 GMT" time="0.005" errors="0">
  <testcase name="NewTest" time="0.005" classname="NKpackage.NewTest"/>
</testsuite> <!-- NKpackage.NewTest -->
