<?xml version="1.0" encoding="UTF-8"?>
<!-- Generated by org.testng.reporters.JUnitReportReporter -->
<testsuite hostname="ShivChindambar" name="NKpackage.NewTest" tests="1" failures="0" timestamp="19 Jan 2019 12:50:39 GMT" time="0.013" errors="0">
  <testcase name="NewTest" time="0.013" classname="NKpackage.NewTest"/>
</testsuite> <!-- NKpackage.NewTest -->
