<?xml version="1.0" encoding="UTF-8"?>
<!-- Generated by org.testng.reporters.JUnitReportReporter -->
<testsuite hostname="ShivChindambar" name="NKpackage.NewTest1" tests="1" failures="0" timestamp="19 Jan 2019 12:50:39 GMT" time="22.316" errors="0">
  <testcase name="NewTest1" time="22.316" classname="NKpackage.NewTest1"/>
</testsuite> <!-- NKpackage.NewTest1 -->
